# JRE version: OpenJDK Runtime Environment (17.0.6) (build 17.0.6+0-b2043.56-10027231)
# Java VM: OpenJDK 64-Bit Server VM (17.0.6+0-b2043.56-10027231, mixed mode, tiered, compressed oops, compressed class ptrs, g1 gc, windows-amd64)
GC Precious Log:
 CPUs: 8 total, 8 available
 Memory: 7617M
 Large Page Support: Disabled
 NUMA Support: Disabled
 Compressed Oops: Enabled (32-bit)
 Heap Region Size: 1M
 Heap Min Capacity: 8M
 Heap Initial Capacity: 120M
 Heap Max Capacity: 2G
 Pre-touch: Disabled
 Parallel Workers: 8
 Concurrent Workers: 2
 Concurrent Refinement Workers: 8
 Periodic GC: Disabled
Heap:
 garbage-first heap   total 406528K, used 261282K [0x0000000080000000, 0x0000000100000000)
  region size 1024K, 29 young (29696K), 2 survivors (2048K)
 Metaspace       used 154394K, committed 155328K, reserved 1187840K
  class space    used 20122K, committed 20608K, reserved 1048576K
GC Heap History (20 events):
Event: 81.607 GC heap before
{Heap before GC invocations=63 (full 0):
 garbage-first heap   total 270336K, used 230685K [0x0000000080000000, 0x0000000100000000)
  region size 1024K, 58 young (59392K), 4 survivors (4096K)
 Metaspace       used 124053K, committed 124928K, reserved 1163264K
  class space    used 16207K, committed 16640K, reserved 1048576K
}
Event: 81.615 GC heap after
{Heap after GC invocations=64 (full 0):
 garbage-first heap   total 270336K, used 180522K [0x0000000080000000, 0x0000000100000000)
  region size 1024K, 8 young (8192K), 8 survivors (8192K)
 Metaspace       used 124053K, committed 124928K, reserved 1163264K
  class space    used 16207K, committed 16640K, reserved 1048576K
}
Event: 81.853 GC heap before
{Heap before GC invocations=64 (full 0):
 garbage-first heap   total 270336K, used 228650K [0x0000000080000000, 0x0000000100000000)
  region size 1024K, 55 young (56320K), 8 survivors (8192K)
 Metaspace       used 124181K, committed 125056K, reserved 1163264K
  class space    used 16207K, committed 16640K, reserved 1048576K
}
Event: 81.867 GC heap after
{Heap after GC invocations=65 (full 0):
 garbage-first heap   total 270336K, used 184733K [0x0000000080000000, 0x0000000100000000)
  region size 1024K, 5 young (5120K), 5 survivors (5120K)
 Metaspace       used 124181K, committed 125056K, reserved 1163264K
  class space    used 16207K, committed 16640K, reserved 1048576K
}
Event: 82.231 GC heap before
{Heap before GC invocations=65 (full 0):
 garbage-first heap   total 270336K, used 228765K [0x0000000080000000, 0x0000000100000000)
  region size 1024K, 48 young (49152K), 5 survivors (5120K)
 Metaspace       used 124578K, committed 125440K, reserved 1163264K
  class space    used 16210K, committed 16640K, reserved 1048576K
}
Event: 82.241 GC heap after
{Heap after GC invocations=66 (full 0):
 garbage-first heap   total 270336K, used 189871K [0x0000000080000000, 0x0000000100000000)
  region size 1024K, 6 young (6144K), 6 survivors (6144K)
 Metaspace       used 124578K, committed 125440K, reserved 1163264K
  class space    used 16210K, committed 16640K, reserved 1048576K
}
Event: 83.726 GC heap before
{Heap before GC invocations=67 (full 0):
 garbage-first heap   total 322560K, used 227759K [0x0000000080000000, 0x0000000100000000)
  region size 1024K, 45 young (46080K), 6 survivors (6144K)
 Metaspace       used 128928K, committed 129792K, reserved 1163264K
  class space    used 16636K, committed 17088K, reserved 1048576K
}
Event: 83.740 GC heap after
{Heap after GC invocations=68 (full 0):
 garbage-first heap   total 322560K, used 191361K [0x0000000080000000, 0x0000000100000000)
  region size 1024K, 4 young (4096K), 4 survivors (4096K)
 Metaspace       used 128928K, committed 129792K, reserved 1163264K
  class space    used 16636K, committed 17088K, reserved 1048576K
}
Event: 83.932 GC heap before
{Heap before GC invocations=68 (full 0):
 garbage-first heap   total 322560K, used 202625K [0x0000000080000000, 0x0000000100000000)
  region size 1024K, 15 young (15360K), 4 survivors (4096K)
 Metaspace       used 130352K, committed 131264K, reserved 1163264K
  class space    used 16889K, committed 17344K, reserved 1048576K
}
Event: 83.944 GC heap after
{Heap after GC invocations=69 (full 0):
 garbage-first heap   total 322560K, used 186648K [0x0000000080000000, 0x0000000100000000)
  region size 1024K, 1 young (1024K), 1 survivors (1024K)
 Metaspace       used 130352K, committed 131264K, reserved 1163264K
  class space    used 16889K, committed 17344K, reserved 1048576K
}
Event: 85.411 GC heap before
{Heap before GC invocations=69 (full 0):
 garbage-first heap   total 322560K, used 264472K [0x0000000080000000, 0x0000000100000000)
  region size 1024K, 77 young (78848K), 1 survivors (1024K)
 Metaspace       used 142227K, committed 143168K, reserved 1179648K
  class space    used 18170K, committed 18624K, reserved 1048576K
}
Event: 85.416 GC heap after
{Heap after GC invocations=70 (full 0):
 garbage-first heap   total 322560K, used 188993K [0x0000000080000000, 0x0000000100000000)
  region size 1024K, 4 young (4096K), 4 survivors (4096K)
 Metaspace       used 142227K, committed 143168K, reserved 1179648K
  class space    used 18170K, committed 18624K, reserved 1048576K
}
Event: 87.263 GC heap before
{Heap before GC invocations=70 (full 0):
 garbage-first heap   total 322560K, used 269889K [0x0000000080000000, 0x0000000100000000)
  region size 1024K, 75 young (76800K), 4 survivors (4096K)
 Metaspace       used 149964K, committed 150848K, reserved 1179648K
  class space    used 19453K, committed 19904K, reserved 1048576K
}
Event: 87.273 GC heap after
{Heap after GC invocations=71 (full 0):
 garbage-first heap   total 322560K, used 197279K [0x0000000080000000, 0x0000000100000000)
  region size 1024K, 10 young (10240K), 10 survivors (10240K)
 Metaspace       used 149964K, committed 150848K, reserved 1179648K
  class space    used 19453K, committed 19904K, reserved 1048576K
}
Event: 89.042 GC heap before
{Heap before GC invocations=71 (full 0):
 garbage-first heap   total 322560K, used 272031K [0x0000000080000000, 0x0000000100000000)
  region size 1024K, 71 young (72704K), 10 survivors (10240K)
 Metaspace       used 154376K, committed 155328K, reserved 1187840K
  class space    used 20120K, committed 20608K, reserved 1048576K
}
Event: 89.078 GC heap after
{Heap after GC invocations=72 (full 0):
 garbage-first heap   total 322560K, used 218828K [0x0000000080000000, 0x0000000100000000)
  region size 1024K, 7 young (7168K), 7 survivors (7168K)
 Metaspace       used 154376K, committed 155328K, reserved 1187840K
  class space    used 20120K, committed 20608K, reserved 1048576K
}
Event: 89.808 GC heap before
{Heap before GC invocations=73 (full 0):
 garbage-first heap   total 406528K, used 271052K [0x0000000080000000, 0x0000000100000000)
  region size 1024K, 54 young (55296K), 7 survivors (7168K)
 Metaspace       used 154385K, committed 155328K, reserved 1187840K
  class space    used 20121K, committed 20608K, reserved 1048576K
}
Event: 89.829 GC heap after
{Heap after GC invocations=74 (full 0):
 garbage-first heap   total 406528K, used 236119K [0x0000000080000000, 0x0000000100000000)
  region size 1024K, 7 young (7168K), 7 survivors (7168K)
 Metaspace       used 154385K, committed 155328K, reserved 1187840K
  class space    used 20121K, committed 20608K, reserved 1048576K
}
Event: 91.110 GC heap before
{Heap before GC invocations=74 (full 0):
 garbage-first heap   total 406528K, used 247383K [0x0000000080000000, 0x0000000100000000)
  region size 1024K, 19 young (19456K), 7 survivors (7168K)
 Metaspace       used 154393K, committed 155328K, reserved 1187840K
  class space    used 20121K, committed 20608K, reserved 1048576K
}
Event: 91.119 GC heap after
{Heap after GC invocations=75 (full 0):
 garbage-first heap   total 406528K, used 234658K [0x0000000080000000, 0x0000000100000000)
  region size 1024K, 2 young (2048K), 2 survivors (2048K)
 Metaspace       used 154393K, committed 155328K, reserved 1187840K
  class space    used 20121K, committed 20608K, reserved 1048576K
}

